Base path: C:/Program Files/Unity/Editor/Data
Cmd: initializeCompiler
Cmd: preprocess
  insize=1316 outsize=1760 ok=1
Cmd: preprocess
  insize=3183 outsize=321 ok=1
Cmd: preprocess
  insize=1534 outsize=799 ok=1
Cmd: preprocess
  insize=3064 outsize=412 ok=1
Cmd: preprocess
  insize=1513 outsize=1890 ok=1
Cmd: preprocess
  insize=1471 outsize=1943 ok=1
Cmd: preprocess
  insize=2627 outsize=295 ok=1
Cmd: preprocess
  insize=2691 outsize=392 ok=1
Cmd: preprocess
  insize=1341 outsize=1782 ok=1
Cmd: preprocess
  insize=1229 outsize=1366 ok=1
Cmd: preprocess
  insize=2414 outsize=1077 ok=1
Cmd: preprocess
  insize=3433 outsize=2546 ok=1
Cmd: preprocess
  insize=1820 outsize=2018 ok=1
Cmd: preprocess
  insize=1009 outsize=1641 ok=1
Cmd: preprocess
  insize=2648 outsize=866 ok=1
Cmd: compileComputeKernel
  api=4 insize=1435 outsize=1561 ok=1
Cmd: preprocess
  insize=10146 outsize=3898 ok=1
Cmd: preprocess
  insize=1553 outsize=655 ok=1
Cmd: preprocess
  insize=3736 outsize=374 ok=1
Cmd: preprocess
  insize=1522 outsize=3002 ok=1
Cmd: preprocess
  insize=5962 outsize=1841 ok=1
Cmd: compileComputeKernel
  api=4 insize=3273 outsize=1925 ok=1
Cmd: preprocess
  insize=2264 outsize=298 ok=1
Cmd: preprocess
  insize=2679 outsize=850 ok=1
Cmd: preprocess
  insize=32239 outsize=1540 ok=1
Cmd: preprocess
  insize=2724 outsize=1368 ok=1
Cmd: preprocess
  insize=7323 outsize=838 ok=1
Cmd: preprocess
  insize=1302 outsize=1081 ok=1
Cmd: preprocess
  insize=1271 outsize=1820 ok=1
Cmd: preprocess
  insize=983 outsize=299 ok=1
Cmd: preprocess
  insize=2602 outsize=883 ok=1
Cmd: preprocess
  insize=6814 outsize=496 ok=1
Cmd: preprocess
  insize=1933 outsize=300 ok=1
Cmd: preprocess
  insize=11666 outsize=680 ok=1
Cmd: preprocess
  insize=4252 outsize=3548 ok=1
Cmd: preprocess
  insize=2501 outsize=489 ok=1
Cmd: preprocess
  insize=2977 outsize=1443 ok=1
Cmd: preprocess
  insize=1154 outsize=1689 ok=1
Cmd: preprocess
  insize=4286 outsize=558 ok=1
Cmd: compileComputeKernel
  api=4 insize=1526 outsize=1533 ok=1
Cmd: preprocess
  insize=7128 outsize=2362 ok=1
Cmd: preprocess
  insize=1322 outsize=1892 ok=1
Cmd: preprocess
  insize=1482 outsize=1901 ok=1
Cmd: preprocess
  insize=5627 outsize=2670 ok=1
Cmd: preprocess
  insize=8095 outsize=2629 ok=1
Cmd: preprocess
  insize=1715 outsize=368 ok=1
Cmd: preprocess
  insize=9062 outsize=2052 ok=1
Cmd: preprocess
  insize=2770 outsize=886 ok=1
Cmd: preprocess
  insize=7161 outsize=2371 ok=1
Cmd: preprocess
  insize=1281 outsize=1441 ok=1
Cmd: preprocess
  insize=3601 outsize=1607 ok=1
Cmd: preprocess
  insize=3437 outsize=244 ok=1
Cmd: preprocess
  insize=1804 outsize=502 ok=1
Cmd: preprocess
  insize=1086 outsize=1322 ok=1
Cmd: preprocess
  insize=10155 outsize=3907 ok=1
Cmd: compileComputeKernel
  api=4 insize=2343 outsize=1341 ok=1
Cmd: preprocess
  insize=1321 outsize=899 ok=1
Cmd: preprocess
  insize=2071 outsize=788 ok=1
Cmd: preprocess
  insize=3433 outsize=1527 ok=1
Cmd: preprocess
  insize=1429 outsize=1490 ok=1
Cmd: preprocess
  insize=1978 outsize=955 ok=1
Cmd: preprocess
  insize=3642 outsize=1210 ok=1
Cmd: preprocess
  insize=1211 outsize=1767 ok=1
Cmd: preprocess
  insize=1131 outsize=1778 ok=1
Cmd: preprocess
  insize=1621 outsize=3009 ok=1
Cmd: preprocess
  insize=1660 outsize=1939 ok=1
